<?xml version="1.0" encoding="UTF-8"?>
<!-- Generated by org.testng.reporters.JUnitReportReporter -->
<testsuite hostname="KairosHW0441" failures="0" tests="8" name="day2.DifferentWaysToCreatePostRequestBody" time="2.268" errors="0" timestamp="2024-04-26T14:47:01 IST" skipped="0">
  <testcase classname="day2.DifferentWaysToCreatePostRequestBody" name="postRequestBodyUsingHashmap" time="1.832"/>
  <system-out/>
  <testcase classname="day2.DifferentWaysToCreatePostRequestBody" name="deletePostUser" time="0.052"/>
  <system-out/>
  <testcase classname="day2.DifferentWaysToCreatePostRequestBody" name="postStudentDataUsingJsonObject" time="0.108"/>
  <system-out/>
  <testcase classname="day2.DifferentWaysToCreatePostRequestBody" name="deletePostUserData" time="0.047"/>
  <system-out/>
  <testcase classname="day2.DifferentWaysToCreatePostRequestBody" name="postUserDataUsingPOJOClass" time="0.094"/>
  <system-out/>
  <testcase classname="day2.DifferentWaysToCreatePostRequestBody" name="deletePojoUser" time="0.042"/>
  <system-out/>
  <testcase classname="day2.DifferentWaysToCreatePostRequestBody" name="postUserUsingExternalJson" time="0.049"/>
  <system-out/>
  <testcase classname="day2.DifferentWaysToCreatePostRequestBody" name="deletePostResponse" time="0.044"/>
  <system-out/>
</testsuite> <!-- day2.DifferentWaysToCreatePostRequestBody -->
