<?xml version="1.0" encoding="UTF-8"?>
<!-- Generated by org.testng.reporters.JUnitReportReporter -->
<testsuite hostname="KairosHW0441" failures="0" tests="3" name="day1.HTTPRequest" time="3.796" errors="0" timestamp="2024-04-18T22:03:29 IST" skipped="0">
  <testcase classname="day1.HTTPRequest" name="createUser" time="2.955"/>
  <system-out/>
  <testcase classname="day1.HTTPRequest" name="updateUser" time="0.452"/>
  <system-out/>
  <testcase classname="day1.HTTPRequest" name="deleteUser" time="0.389"/>
  <system-out/>
</testsuite> <!-- day1.HTTPRequest -->
