<?xml version="1.0" encoding="UTF-8"?>
<!-- Generated by org.testng.reporters.JUnitReportReporter -->
<testsuite hostname="KairosHW0441" failures="0" tests="1" name="day3.PostQueryAndPathParameters" time="1.559" errors="0" timestamp="2024-04-27T22:06:58 IST" skipped="0">
  <testcase classname="day3.PostQueryAndPathParameters" name="testLocalPathQueryParameter" time="1.559"/>
  <system-out/>
</testsuite> <!-- day3.PostQueryAndPathParameters -->
